2023-11-22 16:35:25,214 DEBUG ----------------------------------------------------------------------------------------
2023-11-22 16:35:25,214 DEBUG Программа запущена
2023-11-22 16:35:27,975 INFO Максимальное число, которое может загадать компьютер было задано числом: "7" 
2023-11-22 16:35:29,671 INFO Количество попыток, которое дается пользователю на правильный ответ было задано числом: "3" 
2023-11-22 16:35:29,671 INFO Компьютер загадал число: "6" 
2023-11-22 16:35:29,671 INFO Пользователь угадывает загаданное число
2023-11-22 16:35:31,903 INFO Пользователь ввел число: "4" 
2023-11-22 16:35:31,903 INFO Загаданное компьютером число БОЛЬШЕ числа введенного пользователем
2023-11-22 16:35:35,023 INFO Пользователь ввел число: "6" 
2023-11-22 16:35:35,023 INFO Пользователь смог угадать число 6 за 2 попытки
2023-11-22 16:35:35,023 DEBUG Программа завершена
2023-11-22 16:36:14,790 DEBUG ----------------------------------------------------------------------------------------
2023-11-22 16:36:14,790 DEBUG Программа запущена
2023-11-22 16:36:17,655 INFO Максимальное число, которое может загадать компьютер было задано числом: "10" 
2023-11-22 16:36:18,823 INFO Количество попыток, которое дается пользователю на правильный ответ было задано числом: "5" 
2023-11-22 16:36:18,823 INFO Компьютер загадал число: "6" 
2023-11-22 16:36:18,823 INFO Пользователь угадывает загаданное число
2023-11-22 16:36:27,367 INFO Пользователь ввел число: "10" 
2023-11-22 16:36:27,367 INFO Загаданное компьютером число МЕНЬШЕ числа введенного пользователем
2023-11-22 16:36:31,335 INFO Пользователь ввел число: "1" 
2023-11-22 16:36:31,335 INFO Загаданное компьютером число БОЛЬШЕ числа введенного пользователем
2023-11-22 16:36:33,623 INFO Пользователь ввел число: "9" 
2023-11-22 16:36:33,623 INFO Загаданное компьютером число МЕНЬШЕ числа введенного пользователем
2023-11-22 16:36:35,823 INFO Пользователь ввел число: "8" 
2023-11-22 16:36:35,823 INFO Загаданное компьютером число МЕНЬШЕ числа введенного пользователем
2023-11-22 16:36:38,247 INFO Пользователь ввел число: "7" 
2023-11-22 16:36:38,247 INFO Попытки закончились, пользователь не смог угадать число 6 за 5 попыток.
2023-11-22 16:36:38,247 DEBUG Программа завершена
